10:42:23 DEBUG : Logs will be stored at 'C:/VivadosBeingAProblem/AES/FullControllerGPIO/IDE.log'.
10:42:25 INFO  : Launching XSCT server: xsct.bat -n  -interactive C:\VivadosBeingAProblem\AES\FullControllerGPIO\temp_xsdb_launch_script.tcl
10:42:25 INFO  : Platform repository initialization has completed.
10:42:25 INFO  : Registering command handlers for Vitis TCF services
10:42:28 INFO  : XSCT server has started successfully.
10:42:28 INFO  : plnx-install-location is set to ''
10:42:29 INFO  : Successfully done setting XSCT server connection channel  
10:42:29 INFO  : Successfully done setting workspace for the tool. 
10:42:29 INFO  : Successfully done query RDI_DATADIR 
10:43:54 INFO  : Result from executing command 'getProjects': FullControllerGPIOVitis
10:43:54 INFO  : Result from executing command 'getPlatforms': 
10:44:33 INFO  : Result from executing command 'getProjects': FullControllerGPIOVitis
10:44:33 INFO  : Result from executing command 'getPlatforms': FullControllerGPIOVitis|C:/VivadosBeingAProblem/AES/FullControllerGPIO/FullControllerGPIOVitis/export/FullControllerGPIOVitis/FullControllerGPIOVitis.xpfm
10:55:54 INFO  : Checking for BSP changes to sync application flags for project 'FullControllerGPIOCode'...
10:57:01 INFO  : Checking for BSP changes to sync application flags for project 'FullControllerGPIOCode'...
10:58:14 INFO  : Checking for BSP changes to sync application flags for project 'FullControllerGPIOCode'...
11:02:06 INFO  : Connected to target on host '127.0.0.1' and port '3121'.
11:02:06 INFO  : Jtag cable 'Digilent Zybo Z7 210351A77C5EA' is selected.
11:02:06 INFO  : 'jtag frequency' command is executed.
11:02:06 INFO  : Context for 'APU' is selected.
11:02:06 INFO  : System reset is completed.
11:02:09 INFO  : 'after 3000' command is executed.
11:02:10 INFO  : 'targets -set -filter {jtag_cable_name =~ "Digilent Zybo Z7 210351A77C5EA" && level==0 && jtag_device_ctx=="jsn-Zybo Z7-210351A77C5EA-13722093-0"}' command is executed.
11:02:11 INFO  : Device configured successfully with "C:/VivadosBeingAProblem/AES/FullControllerGPIO/FullControllerGPIOCode/_ide/bitstream/FullControllerBlockDesign_wrapper.bit"
11:02:11 INFO  : Context for 'APU' is selected.
11:02:11 INFO  : Hardware design and registers information is loaded from 'C:/VivadosBeingAProblem/AES/FullControllerGPIO/FullControllerGPIOVitis/export/FullControllerGPIOVitis/hw/FullControllerBlockDesign_wrapper.xsa'.
11:02:11 INFO  : 'configparams force-mem-access 1' command is executed.
11:02:11 INFO  : Context for 'APU' is selected.
11:02:11 INFO  : Sourcing of 'C:/VivadosBeingAProblem/AES/FullControllerGPIO/FullControllerGPIOCode/_ide/psinit/ps7_init.tcl' is done.
11:02:11 INFO  : 'ps7_init' command is executed.
11:02:11 INFO  : 'ps7_post_config' command is executed.
11:02:11 INFO  : Context for processor 'ps7_cortexa9_0' is selected.
11:02:11 INFO  : The application 'C:/VivadosBeingAProblem/AES/FullControllerGPIO/FullControllerGPIOCode/Debug/FullControllerGPIOCode.elf' is downloaded to processor 'ps7_cortexa9_0'.
11:02:11 INFO  : 'configparams force-mem-access 0' command is executed.
11:02:11 INFO  : ----------------XSDB Script----------------
connect -url tcp:127.0.0.1:3121
targets -set -nocase -filter {name =~"APU*"}
rst -system
after 3000
targets -set -filter {jtag_cable_name =~ "Digilent Zybo Z7 210351A77C5EA" && level==0 && jtag_device_ctx=="jsn-Zybo Z7-210351A77C5EA-13722093-0"}
fpga -file C:/VivadosBeingAProblem/AES/FullControllerGPIO/FullControllerGPIOCode/_ide/bitstream/FullControllerBlockDesign_wrapper.bit
targets -set -nocase -filter {name =~"APU*"}
loadhw -hw C:/VivadosBeingAProblem/AES/FullControllerGPIO/FullControllerGPIOVitis/export/FullControllerGPIOVitis/hw/FullControllerBlockDesign_wrapper.xsa -mem-ranges [list {0x40000000 0xbfffffff}] -regs
configparams force-mem-access 1
targets -set -nocase -filter {name =~"APU*"}
source C:/VivadosBeingAProblem/AES/FullControllerGPIO/FullControllerGPIOCode/_ide/psinit/ps7_init.tcl
ps7_init
ps7_post_config
targets -set -nocase -filter {name =~ "*A9*#0"}
dow C:/VivadosBeingAProblem/AES/FullControllerGPIO/FullControllerGPIOCode/Debug/FullControllerGPIOCode.elf
configparams force-mem-access 0
----------------End of Script----------------

11:02:11 INFO  : Context for processor 'ps7_cortexa9_0' is selected.
11:02:11 INFO  : 'con' command is executed.
11:02:11 INFO  : ----------------XSDB Script (After Launch)----------------
targets -set -nocase -filter {name =~ "*A9*#0"}
con
----------------End of Script----------------

11:02:11 INFO  : Launch script is exported to file 'C:\VivadosBeingAProblem\AES\FullControllerGPIO\FullControllerGPIOCode_system\_ide\scripts\debugger_fullcontrollergpiocode-default.tcl'
11:05:30 INFO  : Checking for BSP changes to sync application flags for project 'FullControllerGPIOCode'...
11:06:21 INFO  : Disconnected from the channel tcfchan#2.
11:06:22 INFO  : Connected to target on host '127.0.0.1' and port '3121'.
11:06:22 INFO  : Jtag cable 'Digilent Zybo Z7 210351A77C5EA' is selected.
11:06:22 INFO  : 'jtag frequency' command is executed.
11:06:24 INFO  : Context for 'APU' is selected.
11:06:24 INFO  : System reset is completed.
11:06:27 INFO  : 'after 3000' command is executed.
11:06:27 INFO  : 'targets -set -filter {jtag_cable_name =~ "Digilent Zybo Z7 210351A77C5EA" && level==0 && jtag_device_ctx=="jsn-Zybo Z7-210351A77C5EA-13722093-0"}' command is executed.
11:06:28 INFO  : Device configured successfully with "C:/VivadosBeingAProblem/AES/FullControllerGPIO/FullControllerGPIOCode/_ide/bitstream/FullControllerBlockDesign_wrapper.bit"
11:06:28 INFO  : Context for 'APU' is selected.
11:06:28 INFO  : Hardware design and registers information is loaded from 'C:/VivadosBeingAProblem/AES/FullControllerGPIO/FullControllerGPIOVitis/export/FullControllerGPIOVitis/hw/FullControllerBlockDesign_wrapper.xsa'.
11:06:28 INFO  : 'configparams force-mem-access 1' command is executed.
11:06:28 INFO  : Context for 'APU' is selected.
11:06:28 INFO  : Sourcing of 'C:/VivadosBeingAProblem/AES/FullControllerGPIO/FullControllerGPIOCode/_ide/psinit/ps7_init.tcl' is done.
11:06:28 INFO  : 'ps7_init' command is executed.
11:06:28 INFO  : 'ps7_post_config' command is executed.
11:06:28 INFO  : Context for processor 'ps7_cortexa9_0' is selected.
11:06:28 INFO  : The application 'C:/VivadosBeingAProblem/AES/FullControllerGPIO/FullControllerGPIOCode/Debug/FullControllerGPIOCode.elf' is downloaded to processor 'ps7_cortexa9_0'.
11:06:28 INFO  : 'configparams force-mem-access 0' command is executed.
11:06:28 INFO  : ----------------XSDB Script----------------
connect -url tcp:127.0.0.1:3121
targets -set -nocase -filter {name =~"APU*"}
rst -system
after 3000
targets -set -filter {jtag_cable_name =~ "Digilent Zybo Z7 210351A77C5EA" && level==0 && jtag_device_ctx=="jsn-Zybo Z7-210351A77C5EA-13722093-0"}
fpga -file C:/VivadosBeingAProblem/AES/FullControllerGPIO/FullControllerGPIOCode/_ide/bitstream/FullControllerBlockDesign_wrapper.bit
targets -set -nocase -filter {name =~"APU*"}
loadhw -hw C:/VivadosBeingAProblem/AES/FullControllerGPIO/FullControllerGPIOVitis/export/FullControllerGPIOVitis/hw/FullControllerBlockDesign_wrapper.xsa -mem-ranges [list {0x40000000 0xbfffffff}] -regs
configparams force-mem-access 1
targets -set -nocase -filter {name =~"APU*"}
source C:/VivadosBeingAProblem/AES/FullControllerGPIO/FullControllerGPIOCode/_ide/psinit/ps7_init.tcl
ps7_init
ps7_post_config
targets -set -nocase -filter {name =~ "*A9*#0"}
dow C:/VivadosBeingAProblem/AES/FullControllerGPIO/FullControllerGPIOCode/Debug/FullControllerGPIOCode.elf
configparams force-mem-access 0
----------------End of Script----------------

11:06:29 INFO  : Context for processor 'ps7_cortexa9_0' is selected.
11:06:29 INFO  : 'con' command is executed.
11:06:29 INFO  : ----------------XSDB Script (After Launch)----------------
targets -set -nocase -filter {name =~ "*A9*#0"}
con
----------------End of Script----------------

11:06:29 INFO  : Launch script is exported to file 'C:\VivadosBeingAProblem\AES\FullControllerGPIO\FullControllerGPIOCode_system\_ide\scripts\debugger_fullcontrollergpiocode-default.tcl'
12:37:04 INFO  : Hardware specification for platform project 'FullControllerGPIOVitis' is updated.
12:38:04 INFO  : Result from executing command 'getProjects': FullControllerGPIOVitis
12:38:04 INFO  : Result from executing command 'getPlatforms': FullControllerGPIOVitis|C:/VivadosBeingAProblem/AES/FullControllerGPIO/FullControllerGPIOVitis/export/FullControllerGPIOVitis/FullControllerGPIOVitis.xpfm
12:45:22 INFO  : Disconnected from the channel tcfchan#3.
12:45:23 INFO  : The hardware specification used by project 'FullControllerGPIOCode' is out of sync with the platform. Resource files extracted from the hardware specification will be updated.
12:45:23 INFO  : The file 'C:\VivadosBeingAProblem\AES\FullControllerGPIO\FullControllerGPIOCode\_ide\bitstream\FullControllerBlockDesign_wrapper.bit' stored in project is removed.
12:45:23 INFO  : The updated bitstream files are copied from platform to folder 'C:\VivadosBeingAProblem\AES\FullControllerGPIO\FullControllerGPIOCode\_ide\bitstream' in project 'FullControllerGPIOCode'.
12:45:23 INFO  : The file 'C:\VivadosBeingAProblem\AES\FullControllerGPIO\FullControllerGPIOCode\_ide\psinit\ps7_init.tcl' stored in project is removed.
12:45:28 INFO  : The updated ps init files are copied from platform to folder 'C:\VivadosBeingAProblem\AES\FullControllerGPIO\FullControllerGPIOCode\_ide\psinit' in project 'FullControllerGPIOCode'.
12:45:28 INFO  : Connected to target on host '127.0.0.1' and port '3121'.
12:45:28 INFO  : Jtag cable 'Digilent Zybo Z7 210351A77C5EA' is selected.
12:45:28 INFO  : 'jtag frequency' command is executed.
12:45:28 INFO  : Context for 'APU' is selected.
12:45:28 INFO  : System reset is completed.
12:45:31 INFO  : 'after 3000' command is executed.
12:45:31 INFO  : 'targets -set -filter {jtag_cable_name =~ "Digilent Zybo Z7 210351A77C5EA" && level==0 && jtag_device_ctx=="jsn-Zybo Z7-210351A77C5EA-13722093-0"}' command is executed.
12:45:31 ERROR : couldn't open "C:/VivadosBeingAProblem/AES/FullControllerGPIO/FullControllerGPIOCode/_ide/bitstream/FullControllerBlockDesign_wrapper.bit": no such file or directory
12:45:31 ERROR : Exception occured while running Program Device.
java.lang.RuntimeException: couldn't open "C:/VivadosBeingAProblem/AES/FullControllerGPIO/FullControllerGPIOCode/_ide/bitstream/FullControllerBlockDesign_wrapper.bit": no such file or directory
12:45:31 INFO  : ----------------XSDB Script----------------
connect -url tcp:127.0.0.1:3121
targets -set -nocase -filter {name =~"APU*"}
rst -system
after 3000
----------------End of Script----------------

12:45:31 ERROR : couldn't open "C:/VivadosBeingAProblem/AES/FullControllerGPIO/FullControllerGPIOCode/_ide/bitstream/FullControllerBlockDesign_wrapper.bit": no such file or directory
12:46:13 INFO  : Hardware specification for platform project 'FullControllerGPIOVitis' is updated.
12:46:22 INFO  : Connected to target on host '127.0.0.1' and port '3121'.
12:46:22 INFO  : Jtag cable 'Digilent Zybo Z7 210351A77C5EA' is selected.
12:46:22 INFO  : 'jtag frequency' command is executed.
12:46:22 INFO  : Context for 'APU' is selected.
12:46:22 INFO  : System reset is completed.
12:46:25 INFO  : 'after 3000' command is executed.
12:46:25 INFO  : 'targets -set -filter {jtag_cable_name =~ "Digilent Zybo Z7 210351A77C5EA" && level==0 && jtag_device_ctx=="jsn-Zybo Z7-210351A77C5EA-13722093-0"}' command is executed.
12:46:25 ERROR : couldn't open "C:/VivadosBeingAProblem/AES/FullControllerGPIO/FullControllerGPIOCode/_ide/bitstream/FullControllerBlockDesign_wrapper.bit": no such file or directory
12:46:25 ERROR : Exception occured while running Program Device.
java.lang.RuntimeException: couldn't open "C:/VivadosBeingAProblem/AES/FullControllerGPIO/FullControllerGPIOCode/_ide/bitstream/FullControllerBlockDesign_wrapper.bit": no such file or directory
12:46:25 INFO  : ----------------XSDB Script----------------
connect -url tcp:127.0.0.1:3121
targets -set -nocase -filter {name =~"APU*"}
rst -system
after 3000
----------------End of Script----------------

12:46:25 ERROR : couldn't open "C:/VivadosBeingAProblem/AES/FullControllerGPIO/FullControllerGPIOCode/_ide/bitstream/FullControllerBlockDesign_wrapper.bit": no such file or directory
12:47:36 INFO  : Connected to target on host '127.0.0.1' and port '3121'.
12:47:36 INFO  : Jtag cable 'Digilent Zybo Z7 210351A77C5EA' is selected.
12:47:36 INFO  : 'jtag frequency' command is executed.
12:47:36 INFO  : Context for 'APU' is selected.
12:47:36 INFO  : System reset is completed.
12:47:39 INFO  : 'after 3000' command is executed.
12:47:39 INFO  : 'targets -set -filter {jtag_cable_name =~ "Digilent Zybo Z7 210351A77C5EA" && level==0 && jtag_device_ctx=="jsn-Zybo Z7-210351A77C5EA-13722093-0"}' command is executed.
12:47:39 ERROR : couldn't open "C:/VivadosBeingAProblem/AES/FullControllerGPIO/FullControllerGPIOCode/_ide/bitstream/FullControllerBlockDesign_wrapper.bit": no such file or directory
12:47:39 ERROR : Exception occured while running Program Device.
java.lang.RuntimeException: couldn't open "C:/VivadosBeingAProblem/AES/FullControllerGPIO/FullControllerGPIOCode/_ide/bitstream/FullControllerBlockDesign_wrapper.bit": no such file or directory
12:47:39 INFO  : ----------------XSDB Script----------------
connect -url tcp:127.0.0.1:3121
targets -set -nocase -filter {name =~"APU*"}
rst -system
after 3000
----------------End of Script----------------

12:47:39 ERROR : couldn't open "C:/VivadosBeingAProblem/AES/FullControllerGPIO/FullControllerGPIOCode/_ide/bitstream/FullControllerBlockDesign_wrapper.bit": no such file or directory
