#-----------------------------------------------------------
# Vivado v2022.2 (64-bit)
# SW Build 3671981 on Fri Oct 14 05:00:03 MDT 2022
# IP Build 3669848 on Fri Oct 14 08:30:02 MDT 2022
# Start of session at: Tue Dec 17 11:22:09 2024
# Process ID: 20548
# Current directory: C:/OneDrive/OneDrive - Office 365 Fontys/DMD_AES practicals/AES/FullController
# Command line: vivado.exe -gui_launcher_event rodinguilauncherevent21608 C:\OneDrive\OneDrive - Office 365 Fontys\DMD_AES practicals\AES\FullController\fullcontroller.xpr
# Log file: C:/OneDrive/OneDrive - Office 365 Fontys/DMD_AES practicals/AES/FullController/vivado.log
# Journal file: C:/OneDrive/OneDrive - Office 365 Fontys/DMD_AES practicals/AES/FullController\vivado.jou
# Running On: MSI, OS: Windows, CPU Frequency: 2419 MHz, CPU Physical cores: 24, Host memory: 16936 MB
#-----------------------------------------------------------
start_gui
open_project {C:/OneDrive/OneDrive - Office 365 Fontys/DMD_AES practicals/AES/FullController/fullcontroller.xpr}
WARNING: [Board 49-26] cannot add Board Part xilinx.com:kcu105:part0:1.6 available at C:/Xilinx/Vivado/2022.2/data/xhub/boards/XilinxBoardStore/boards/Xilinx/kcu105/1.6/board.xml as part xcku040-ffva1156-2-e specified in board_part file is either invalid or not available
WARNING: [Board 49-26] cannot add Board Part xilinx.com:kcu105:part0:1.7 available at C:/Xilinx/Vivado/2022.2/data/xhub/boards/XilinxBoardStore/boards/Xilinx/kcu105/1.7/board.xml as part xcku040-ffva1156-2-e specified in board_part file is either invalid or not available
WARNING: [Board 49-26] cannot add Board Part xilinx.com:kcu116:part0:1.4 available at C:/Xilinx/Vivado/2022.2/data/xhub/boards/XilinxBoardStore/boards/Xilinx/kcu116/1.4/board.xml as part xcku5p-ffvb676-2-e specified in board_part file is either invalid or not available
WARNING: [Board 49-26] cannot add Board Part xilinx.com:kcu116:part0:1.5 available at C:/Xilinx/Vivado/2022.2/data/xhub/boards/XilinxBoardStore/boards/Xilinx/kcu116/1.5/board.xml as part xcku5p-ffvb676-2-e specified in board_part file is either invalid or not available
WARNING: [Board 49-26] cannot add Board Part xilinx.com:vcu108:part0:1.6 available at C:/Xilinx/Vivado/2022.2/data/xhub/boards/XilinxBoardStore/boards/Xilinx/vcu108/1.6/board.xml as part xcvu095-ffva2104-2-e specified in board_part file is either invalid or not available
WARNING: [Board 49-26] cannot add Board Part xilinx.com:vcu108:part0:1.7 available at C:/Xilinx/Vivado/2022.2/data/xhub/boards/XilinxBoardStore/boards/Xilinx/vcu108/1.7/board.xml as part xcvu095-ffva2104-2-e specified in board_part file is either invalid or not available
WARNING: [Board 49-26] cannot add Board Part xilinx.com:vcu110:part0:1.4 available at C:/Xilinx/Vivado/2022.2/data/xhub/boards/XilinxBoardStore/boards/Xilinx/vcu110/1.4/board.xml as part xcvu190-flgc2104-2-e specified in board_part file is either invalid or not available
WARNING: [Board 49-26] cannot add Board Part xilinx.com:vcu128:part0:1.0 available at C:/Xilinx/Vivado/2022.2/data/xhub/boards/XilinxBoardStore/boards/Xilinx/vcu128/production/1.0/board.xml as part xcvu37p-fsvh2892-2l-e specified in board_part file is either invalid or not available
WARNING: [Board 49-26] cannot add Board Part xilinx.com:vcu129:part0:1.0 available at C:/Xilinx/Vivado/2022.2/data/xhub/boards/XilinxBoardStore/boards/Xilinx/vcu129/production/1.0/board.xml as part xcvu29p-fsga2577-2l-e specified in board_part file is either invalid or not available
WARNING: [Board 49-26] cannot add Board Part xilinx.com:vek280_es:part0:1.0 available at C:/Xilinx/Vivado/2022.2/data/xhub/boards/XilinxBoardStore/boards/Xilinx/vek280/es/1.0/board.xml as part xcve2802-vsvh1760-2lp-e-s-es1 specified in board_part file is either invalid or not available
WARNING: [Board 49-26] cannot add Board Part xilinx.com:vhk158_es:part0:1.0 available at C:/Xilinx/Vivado/2022.2/data/xhub/boards/XilinxBoardStore/boards/Xilinx/vhk158/es/1.0/board.xml as part xcvh1582-vsva3697-2mp-e-s-es1 specified in board_part file is either invalid or not available
WARNING: [Board 49-26] cannot add Board Part xilinx.com:vmk180:part0:2.2 available at C:/Xilinx/Vivado/2022.2/data/xhub/boards/XilinxBoardStore/boards/Xilinx/vmk180/production/2.2/board.xml as part xcvm1802-vsva2197-2mp-e-s specified in board_part file is either invalid or not available
WARNING: [Board 49-26] cannot add Board Part xilinx.com:vmk180:part0:3.0 available at C:/Xilinx/Vivado/2022.2/data/xhub/boards/XilinxBoardStore/boards/Xilinx/vmk180/production/3.0/board.xml as part xcvm1802-vsva2197-2mp-e-s specified in board_part file is either invalid or not available
WARNING: [Board 49-26] cannot add Board Part xilinx.com:vmk180:part0:3.1 available at C:/Xilinx/Vivado/2022.2/data/xhub/boards/XilinxBoardStore/boards/Xilinx/vmk180/production/3.1/board.xml as part xcvm1802-vsva2197-2mp-e-s specified in board_part file is either invalid or not available
WARNING: [Board 49-26] cannot add Board Part xilinx.com:vmk180_newl:part0:1.0 available at C:/Xilinx/Vivado/2022.2/data/xhub/boards/XilinxBoardStore/boards/Xilinx/vmk180_newl/production/1.0/board.xml as part xcvm1802-vsva2197-2mp-e-s specified in board_part file is either invalid or not available
WARNING: [Board 49-26] cannot add Board Part xilinx.com:vpk120:part0:1.0 available at C:/Xilinx/Vivado/2022.2/data/xhub/boards/XilinxBoardStore/boards/Xilinx/vpk120/production/1.0/board.xml as part xcvp1202-vsva2785-2mp-e-s specified in board_part file is either invalid or not available
WARNING: [Board 49-26] cannot add Board Part xilinx.com:vpk120_es:part0:1.2 available at C:/Xilinx/Vivado/2022.2/data/xhub/boards/XilinxBoardStore/boards/Xilinx/vpk120/es/1.2/board.xml as part xcvp1202-vsva2785-2mp-e-s-es1 specified in board_part file is either invalid or not available
WARNING: [Board 49-26] cannot add Board Part xilinx.com:vpk120_es_revb:part0:1.0 available at C:/Xilinx/Vivado/2022.2/data/xhub/boards/XilinxBoardStore/boards/Xilinx/vpk120_revb/es/1.0/board.xml as part xcvp1202-vsva2785-2mp-e-s-es1 specified in board_part file is either invalid or not available
WARNING: [Board 49-26] cannot add Board Part xilinx.com:vpk180_es:part0:1.0 available at C:/Xilinx/Vivado/2022.2/data/xhub/boards/XilinxBoardStore/boards/Xilinx/vpk180/es/1.0/board.xml as part xcvp1802-lsvc4072-2mp-e-s-es1 specified in board_part file is either invalid or not available
WARNING: [Board 49-26] cannot add Board Part xilinx.com:zcu208ld:part0:2.0 available at C:/Xilinx/Vivado/2022.2/data/xhub/boards/XilinxBoardStore/boards/Xilinx/zcu208ld/production/2.0/board.xml as part xczu58dr-fsvg1517-2-i specified in board_part file is either invalid or not available
WARNING: [Board 49-26] cannot add Board Part xilinx.com:zcu216ld:part0:2.0 available at C:/Xilinx/Vivado/2022.2/data/xhub/boards/XilinxBoardStore/boards/Xilinx/zcu216ld/production/2.0/board.xml as part xczu59dr-ffvf1760-2-i specified in board_part file is either invalid or not available
WARNING: [Board 49-26] cannot add Board Part xilinx.com:zcu670:part0:2.0 available at C:/Xilinx/Vivado/2022.2/data/xhub/boards/XilinxBoardStore/boards/Xilinx/zcu670/2.0/board.xml as part xczu67dr-fsve1156-2-i specified in board_part file is either invalid or not available
WARNING: [Board 49-26] cannot add Board Part xilinx.com:zcu670ld:part0:1.0 available at C:/Xilinx/Vivado/2022.2/data/xhub/boards/XilinxBoardStore/boards/Xilinx/zcu670ld/1.0/board.xml as part xczu57dr-fsve1156-2-i specified in board_part file is either invalid or not available
INFO: [filemgmt 56-3] Default IP Output Path : Could not find the directory 'C:/OneDrive/OneDrive - Office 365 Fontys/DMD_AES practicals/AES/FullController/fullcontroller.gen/sources_1'.
Scanning sources...
Finished scanning sources
INFO: [IP_Flow 19-234] Refreshing IP repositories
INFO: [IP_Flow 19-1704] No user IP repositories specified
INFO: [IP_Flow 19-2313] Loaded Vivado IP repository 'C:/Xilinx/Vivado/2022.2/data/ip'.
open_project: Time (s): cpu = 00:00:05 ; elapsed = 00:00:08 . Memory (MB): peak = 1785.867 ; gain = 422.477
file mkdir C:/OneDrive/OneDrive - Office 365 Fontys/DMD_AES practicals/AES/FullController/fullcontroller.srcs/sources_1/new
file mkdir C:/OneDrive/OneDrive - Office 365 Fontys/DMD_AES practicals/AES/FullController/fullcontroller.srcs/sources_1/new
file mkdir C:/OneDrive/OneDrive - Office 365 Fontys/DMD_AES practicals/AES/FullController/fullcontroller.srcs/sources_1/new
file mkdir C:/OneDrive/OneDrive - Office 365 Fontys/DMD_AES practicals/AES/FullController/fullcontroller.srcs/sources_1/new
file mkdir C:/OneDrive/OneDrive - Office 365 Fontys/DMD_AES practicals/AES/FullController/fullcontroller.srcs/sources_1/new
file mkdir C:/OneDrive/OneDrive - Office 365 Fontys/DMD_AES practicals/AES/FullController/fullcontroller.srcs/sources_1/new
file mkdir C:/OneDrive/OneDrive - Office 365 Fontys/DMD_AES practicals/AES/FullController/fullcontroller.srcs/sources_1/new
file mkdir C:/OneDrive/OneDrive - Office 365 Fontys/DMD_AES practicals/AES/FullController/fullcontroller.srcs/sources_1/new
file mkdir C:/OneDrive/OneDrive - Office 365 Fontys/DMD_AES practicals/AES/FullController/fullcontroller.srcs/sources_1/new
file mkdir C:/OneDrive/OneDrive - Office 365 Fontys/DMD_AES practicals/AES/FullController/fullcontroller.srcs/sources_1/new
file mkdir C:/OneDrive/OneDrive - Office 365 Fontys/DMD_AES practicals/AES/FullController/fullcontroller.srcs/sources_1/new
file mkdir C:/OneDrive/OneDrive - Office 365 Fontys/DMD_AES practicals/AES/FullController/fullcontroller.srcs/sources_1/new
add_files -norecurse {{C:/OneDrive/OneDrive - Office 365 Fontys/DMD_AES practicals/AES/FullController/PWM.vhd} {C:/OneDrive/OneDrive - Office 365 Fontys/DMD_AES practicals/AES/FullController/Encoder.vhd}}
file mkdir C:/OneDrive/OneDrive - Office 365 Fontys/DMD_AES practicals/AES/FullController/fullcontroller.srcs/sources_1/new
file mkdir {C:/OneDrive/OneDrive - Office 365 Fontys/DMD_AES practicals/AES/FullController/fullcontroller.srcs/sources_1/new}
close [ open {C:/OneDrive/OneDrive - Office 365 Fontys/DMD_AES practicals/AES/FullController/fullcontroller.srcs/sources_1/new/TopLevel.vhd} w ]
add_files {{C:/OneDrive/OneDrive - Office 365 Fontys/DMD_AES practicals/AES/FullController/fullcontroller.srcs/sources_1/new/TopLevel.vhd}}
close [ open {C:/OneDrive/OneDrive - Office 365 Fontys/DMD_AES practicals/AES/FullController/fullcontroller.srcs/sources_1/new/PID.vhd} w ]
add_files {{C:/OneDrive/OneDrive - Office 365 Fontys/DMD_AES practicals/AES/FullController/fullcontroller.srcs/sources_1/new/PID.vhd}}
update_compile_order -fileset sources_1
set_property top TopLevel [current_fileset]
update_compile_order -fileset sources_1
update_compile_order -fileset sources_1
set_property source_mgmt_mode DisplayOnly [current_project]
exit
INFO: [Common 17-206] Exiting Vivado at Tue Dec 17 12:02:59 2024...
