Vivado Simulator v2022.2
Copyright 1986-1999, 2001-2022 Xilinx, Inc. All Rights Reserved.
Running: C:/Xilinx/Vivado/2022.2/bin/unwrapped/win64.o/xelab.exe --incr --debug typical --relax --mt 2 -L xil_defaultlib -L secureip --snapshot TotalSystem_TB_behav xil_defaultlib.TotalSystem_TB -log elaborate.log 
Using 2 slave threads.
Starting static elaboration
Completed static elaboration
Starting simulation data flow analysis
Completed simulation data flow analysis
Time Resolution for simulation is 1ps
Compiling package std.standard
Compiling package std.textio
Compiling package ieee.std_logic_1164
Compiling package ieee.numeric_std
Compiling package ieee.math_real
Compiling architecture behavioral of entity xil_defaultlib.PWM [\PWM(max_value=200000,bitnumber=...]
Compiling architecture behaviour of entity xil_defaultlib.Encoder [\Encoder(posibits=14,maxposition...]
Compiling architecture behavioral of entity xil_defaultlib.PID [\PID(kbits=20,kdetail=100000,int...]
Compiling architecture behavioral of entity xil_defaultlib.TopLevel [\TopLevel(pidclkts=100)\]
Compiling architecture behavioral of entity xil_defaultlib.totalsystem_tb
Built simulation snapshot TotalSystem_TB_behav
