
*** Running vivado
    with args -log Encoder.vds -m64 -product Vivado -mode batch -messageDb vivado.pb -notrace -source Encoder.tcl



****** Vivado v2022.2 (64-bit)
  **** SW Build 3671981 on Fri Oct 14 05:00:03 MDT 2022
  **** IP Build 3669848 on Fri Oct 14 08:30:02 MDT 2022
    ** Copyright 1986-2022 Xilinx, Inc. All Rights Reserved.

source Encoder.tcl -notrace
create_project: Time (s): cpu = 00:00:01 ; elapsed = 00:00:05 . Memory (MB): peak = 949.535 ; gain = 153.969
Command: read_checkpoint -auto_incremental -incremental C:/Users/freek/OneDrive/Bureaublad/Mechatronics/AES/Encoder/Encoder.srcs/utils_1/imports/synth_1/ENCODER.dcp
INFO: [Vivado 12-5825] Read reference checkpoint from C:/Users/freek/OneDrive/Bureaublad/Mechatronics/AES/Encoder/Encoder.srcs/utils_1/imports/synth_1/ENCODER.dcp for incremental synthesis
INFO: [Vivado 12-7989] Please ensure there are no constraint changes
Command: synth_design -top Encoder -part xc7z010clg400-1
Starting synth_design
Attempting to get a license for feature 'Synthesis' and/or device 'xc7z010'
INFO: [Common 17-349] Got license for feature 'Synthesis' and/or device 'xc7z010'
INFO: [Designutils 20-5440] No compile time benefit to using incremental synthesis; A full resynthesis will be run
INFO: [Designutils 20-4379] Flow is switching to default flow due to incremental criteria not met. If you would like to alter this behaviour and have the flow terminate instead, please set the following parameter config_implementation {autoIncr.Synth.RejectBehavior Terminate}
INFO: [Synth 8-7079] Multithreading enabled for synth_design using a maximum of 2 processes.
INFO: [Synth 8-7078] Launching helper process for spawning children vivado processes
INFO: [Synth 8-7075] Helper process launched with PID 2396
INFO: [Synth 8-11241] undeclared symbol 'REGCCE', assumed default net type 'wire' [C:/Xilinx/Vivado/2022.2/data/verilog/src/unimacro/BRAM_SINGLE_MACRO.v:2170]
---------------------------------------------------------------------------------
Starting Synthesize : Time (s): cpu = 00:00:01 ; elapsed = 00:00:04 . Memory (MB): peak = 1388.676 ; gain = 404.430
---------------------------------------------------------------------------------
INFO: [Synth 8-638] synthesizing module 'Encoder' [C:/Users/freek/OneDrive/Bureaublad/Mechatronics/AES/Encoder/Encoder.srcs/sources_1/new/Encoder.vhd:16]
WARNING: [Synth 8-614] signal 'Prevstate' is read in the process but is not in the sensitivity list [C:/Users/freek/OneDrive/Bureaublad/Mechatronics/AES/Encoder/Encoder.srcs/sources_1/new/Encoder.vhd:25]
WARNING: [Synth 8-614] signal 'state' is read in the process but is not in the sensitivity list [C:/Users/freek/OneDrive/Bureaublad/Mechatronics/AES/Encoder/Encoder.srcs/sources_1/new/Encoder.vhd:25]
WARNING: [Synth 8-614] signal 'Poss' is read in the process but is not in the sensitivity list [C:/Users/freek/OneDrive/Bureaublad/Mechatronics/AES/Encoder/Encoder.srcs/sources_1/new/Encoder.vhd:25]
INFO: [Synth 8-256] done synthesizing module 'Encoder' (0#1) [C:/Users/freek/OneDrive/Bureaublad/Mechatronics/AES/Encoder/Encoder.srcs/sources_1/new/Encoder.vhd:16]
---------------------------------------------------------------------------------
Finished Synthesize : Time (s): cpu = 00:00:01 ; elapsed = 00:00:05 . Memory (MB): peak = 1478.938 ; gain = 494.691
---------------------------------------------------------------------------------
---------------------------------------------------------------------------------
Finished Constraint Validation : Time (s): cpu = 00:00:01 ; elapsed = 00:00:05 . Memory (MB): peak = 1478.938 ; gain = 494.691
---------------------------------------------------------------------------------
---------------------------------------------------------------------------------
Start Loading Part and Timing Information
---------------------------------------------------------------------------------
Loading part: xc7z010clg400-1
---------------------------------------------------------------------------------
Finished Loading Part and Timing Information : Time (s): cpu = 00:00:01 ; elapsed = 00:00:05 . Memory (MB): peak = 1478.938 ; gain = 494.691
---------------------------------------------------------------------------------
INFO: [Device 21-403] Loading part xc7z010clg400-1
WARNING: [Synth 8-327] inferring latch for variable 'Poss_reg' [C:/Users/freek/OneDrive/Bureaublad/Mechatronics/AES/Encoder/Encoder.srcs/sources_1/new/Encoder.vhd:36]
WARNING: [Synth 8-327] inferring latch for variable 'ENC_ERROR_reg' [C:/Users/freek/OneDrive/Bureaublad/Mechatronics/AES/Encoder/Encoder.srcs/sources_1/new/Encoder.vhd:37]
---------------------------------------------------------------------------------
Finished RTL Optimization Phase 2 : Time (s): cpu = 00:00:01 ; elapsed = 00:00:06 . Memory (MB): peak = 1478.938 ; gain = 494.691
---------------------------------------------------------------------------------
No constraint files found.
---------------------------------------------------------------------------------
Start RTL Component Statistics 
---------------------------------------------------------------------------------
Detailed RTL Component Info : 
+---Adders : 
	   2 Input   11 Bit       Adders := 1     
	   2 Input    2 Bit       Adders := 2     
+---Registers : 
	                2 Bit    Registers := 2     
+---Muxes : 
	   2 Input    2 Bit        Muxes := 2     
	   2 Input    1 Bit        Muxes := 5     
---------------------------------------------------------------------------------
Finished RTL Component Statistics 
---------------------------------------------------------------------------------
---------------------------------------------------------------------------------
Start Part Resource Summary
---------------------------------------------------------------------------------
Part Resources:
DSPs: 80 (col length:40)
BRAMs: 120 (col length: RAMB18 40 RAMB36 20)
---------------------------------------------------------------------------------
Finished Part Resource Summary
---------------------------------------------------------------------------------
No constraint files found.
---------------------------------------------------------------------------------
Start Cross Boundary and Area Optimization
---------------------------------------------------------------------------------
WARNING: [Synth 8-7080] Parallel synthesis criteria is not met
---------------------------------------------------------------------------------
Finished Cross Boundary and Area Optimization : Time (s): cpu = 00:00:02 ; elapsed = 00:00:15 . Memory (MB): peak = 1666.691 ; gain = 682.445
---------------------------------------------------------------------------------
No constraint files found.
---------------------------------------------------------------------------------
Start Timing Optimization
---------------------------------------------------------------------------------
---------------------------------------------------------------------------------
Finished Timing Optimization : Time (s): cpu = 00:00:02 ; elapsed = 00:00:15 . Memory (MB): peak = 1666.691 ; gain = 682.445
---------------------------------------------------------------------------------
---------------------------------------------------------------------------------
Start Technology Mapping
---------------------------------------------------------------------------------
---------------------------------------------------------------------------------
Finished Technology Mapping : Time (s): cpu = 00:00:02 ; elapsed = 00:00:15 . Memory (MB): peak = 1666.691 ; gain = 682.445
---------------------------------------------------------------------------------
---------------------------------------------------------------------------------
Start IO Insertion
---------------------------------------------------------------------------------
---------------------------------------------------------------------------------
Start Flattening Before IO Insertion
---------------------------------------------------------------------------------
---------------------------------------------------------------------------------
Finished Flattening Before IO Insertion
---------------------------------------------------------------------------------
---------------------------------------------------------------------------------
Start Final Netlist Cleanup
---------------------------------------------------------------------------------
---------------------------------------------------------------------------------
Finished Final Netlist Cleanup
---------------------------------------------------------------------------------
---------------------------------------------------------------------------------
Finished IO Insertion : Time (s): cpu = 00:00:03 ; elapsed = 00:00:17 . Memory (MB): peak = 1666.691 ; gain = 682.445
---------------------------------------------------------------------------------
---------------------------------------------------------------------------------
Start Renaming Generated Instances
---------------------------------------------------------------------------------
---------------------------------------------------------------------------------
Finished Renaming Generated Instances : Time (s): cpu = 00:00:03 ; elapsed = 00:00:17 . Memory (MB): peak = 1666.691 ; gain = 682.445
---------------------------------------------------------------------------------
---------------------------------------------------------------------------------
Start Rebuilding User Hierarchy
---------------------------------------------------------------------------------
---------------------------------------------------------------------------------
Finished Rebuilding User Hierarchy : Time (s): cpu = 00:00:03 ; elapsed = 00:00:17 . Memory (MB): peak = 1666.691 ; gain = 682.445
---------------------------------------------------------------------------------
---------------------------------------------------------------------------------
Start Renaming Generated Ports
---------------------------------------------------------------------------------
---------------------------------------------------------------------------------
Finished Renaming Generated Ports : Time (s): cpu = 00:00:03 ; elapsed = 00:00:17 . Memory (MB): peak = 1666.691 ; gain = 682.445
---------------------------------------------------------------------------------
---------------------------------------------------------------------------------
Start Handling Custom Attributes
---------------------------------------------------------------------------------
---------------------------------------------------------------------------------
Finished Handling Custom Attributes : Time (s): cpu = 00:00:03 ; elapsed = 00:00:17 . Memory (MB): peak = 1666.691 ; gain = 682.445
---------------------------------------------------------------------------------
---------------------------------------------------------------------------------
Start Renaming Generated Nets
---------------------------------------------------------------------------------
---------------------------------------------------------------------------------
Finished Renaming Generated Nets : Time (s): cpu = 00:00:03 ; elapsed = 00:00:17 . Memory (MB): peak = 1666.691 ; gain = 682.445
---------------------------------------------------------------------------------
---------------------------------------------------------------------------------
Start Writing Synthesis Report
---------------------------------------------------------------------------------

Report BlackBoxes: 
+-+--------------+----------+
| |BlackBox name |Instances |
+-+--------------+----------+
+-+--------------+----------+

Report Cell Usage: 
+------+-------+------+
|      |Cell   |Count |
+------+-------+------+
|1     |BUFG   |     2|
|2     |CARRY4 |     3|
|3     |LUT1   |     3|
|4     |LUT2   |    10|
|5     |LUT4   |     2|
|6     |LUT5   |     2|
|7     |FDRE   |     4|
|8     |LD     |     1|
|9     |LDC    |    11|
|10    |IBUF   |     4|
|11    |OBUF   |    12|
+------+-------+------+

Report Instance Areas: 
+------+---------+-------+------+
|      |Instance |Module |Cells |
+------+---------+-------+------+
|1     |top      |       |    54|
+------+---------+-------+------+
---------------------------------------------------------------------------------
Finished Writing Synthesis Report : Time (s): cpu = 00:00:03 ; elapsed = 00:00:17 . Memory (MB): peak = 1666.691 ; gain = 682.445
---------------------------------------------------------------------------------
Synthesis finished with 0 errors, 0 critical warnings and 6 warnings.
Synthesis Optimization Runtime : Time (s): cpu = 00:00:03 ; elapsed = 00:00:18 . Memory (MB): peak = 1666.691 ; gain = 682.445
Synthesis Optimization Complete : Time (s): cpu = 00:00:03 ; elapsed = 00:00:18 . Memory (MB): peak = 1666.691 ; gain = 682.445
INFO: [Project 1-571] Translating synthesized netlist
Netlist sorting complete. Time (s): cpu = 00:00:00 ; elapsed = 00:00:00.001 . Memory (MB): peak = 1677.695 ; gain = 0.000
INFO: [Netlist 29-17] Analyzing 15 Unisim elements for replacement
INFO: [Netlist 29-28] Unisim Transformation completed in 0 CPU seconds
INFO: [Project 1-570] Preparing netlist for logic optimization
INFO: [Opt 31-138] Pushed 1 inverter(s) to 1 load pin(s).
Netlist sorting complete. Time (s): cpu = 00:00:00 ; elapsed = 00:00:00 . Memory (MB): peak = 1777.457 ; gain = 0.000
INFO: [Project 1-111] Unisim Transformation Summary:
  A total of 12 instances were transformed.
  LD => LDCE (inverted pins: G): 1 instance 
  LDC => LDCE: 11 instances

Synth Design complete, checksum: 3705d149
INFO: [Common 17-83] Releasing license: Synthesis
19 Infos, 6 Warnings, 0 Critical Warnings and 0 Errors encountered.
synth_design completed successfully
synth_design: Time (s): cpu = 00:00:03 ; elapsed = 00:00:19 . Memory (MB): peak = 1777.457 ; gain = 803.035
INFO: [Common 17-1381] The checkpoint 'C:/Users/freek/OneDrive/Bureaublad/Mechatronics/AES/Encoder/Encoder.runs/synth_1/Encoder.dcp' has been generated.
INFO: [runtcl-4] Executing : report_utilization -file Encoder_utilization_synth.rpt -pb Encoder_utilization_synth.pb
INFO: [Common 17-206] Exiting Vivado at Fri Dec  6 19:21:55 2024...
